Traceback (most recent call last):
  File "/opt/hostedtoolcache/Python/3.12.12/x64/lib/python3.12/site-packages/jupyter_cache/executors/utils.py", line 58, in single_nb_execution
    executenb(
  File "/opt/hostedtoolcache/Python/3.12.12/x64/lib/python3.12/site-packages/nbclient/client.py", line 1319, in execute
    return NotebookClient(nb=nb, resources=resources, km=km, **kwargs).execute()
           ^^^^^^^^^^^^^^^^^^^^^^^^^^^^^^^^^^^^^^^^^^^^^^^^^^^^^^^^^^^^^^^^^^^^^
  File "/opt/hostedtoolcache/Python/3.12.12/x64/lib/python3.12/site-packages/jupyter_core/utils/__init__.py", line 165, in wrapped
    return loop.run_until_complete(inner)
           ^^^^^^^^^^^^^^^^^^^^^^^^^^^^^^
  File "/opt/hostedtoolcache/Python/3.12.12/x64/lib/python3.12/asyncio/base_events.py", line 691, in run_until_complete
    return future.result()
           ^^^^^^^^^^^^^^^
  File "/opt/hostedtoolcache/Python/3.12.12/x64/lib/python3.12/site-packages/nbclient/client.py", line 709, in async_execute
    await self.async_execute_cell(
  File "/opt/hostedtoolcache/Python/3.12.12/x64/lib/python3.12/site-packages/nbclient/client.py", line 1062, in async_execute_cell
    await self._check_raise_for_error(cell, cell_index, exec_reply)
  File "/opt/hostedtoolcache/Python/3.12.12/x64/lib/python3.12/site-packages/nbclient/client.py", line 918, in _check_raise_for_error
    raise CellExecutionError.from_cell_and_msg(cell, exec_reply_content)
nbclient.exceptions.CellExecutionError: An error occurred while executing the following cell:
------------------
# Distance between atoms 1 and 2
r_12 = sqrt((atom_1[0] - atom_2[0])**2 + (atom_1[1] - atom_2[1])**2 + (atom_1[2] - atom_2[2])**2)

# Distance between atoms 1 and 3
r_13 = sqrt((atom_1[0] - atom_3[0])**2 + (atom_1[1] - atom_3[1])**2 + (atom_1[2] - atom_3[2])**2)

# Distance between atoms 2 and 3
r_23 = sqrt((atom_2[0] - atom_3[0])**2 + (atom_2[1] - atom_3[1])**2 + (atom_2[2] - atom_3[2])**2)

print(f"Distance between atoms 1 and 2: {r_12:.4f}")
print(f"Distance between atoms 1 and 3: {r_13:.4f}")
print(f"Distance between atoms 2 and 3: {r_23:.4f}")
------------------


[31m---------------------------------------------------------------------------[39m
[31mNameError[39m                                 Traceback (most recent call last)
[36mCell[39m[36m [39m[32mIn[10][39m[32m, line 2[39m
[32m      1[39m [38;5;66;03m# Distance between atoms 1 and 2[39;00m
[32m----> [39m[32m2[39m r_12 = [43msqrt[49m((atom_1[[32m0[39m] - atom_2[[32m0[39m])**[32m2[39m + (atom_1[[32m1[39m] - atom_2[[32m1[39m])**[32m2[39m + (atom_1[[32m2[39m] - atom_2[[32m2[39m])**[32m2[39m)
[32m      4[39m [38;5;66;03m# Distance between atoms 1 and 3[39;00m
[32m      5[39m r_13 = sqrt((atom_1[[32m0[39m] - atom_3[[32m0[39m])**[32m2[39m + (atom_1[[32m1[39m] - atom_3[[32m1[39m])**[32m2[39m + (atom_1[[32m2[39m] - atom_3[[32m2[39m])**[32m2[39m)

[31mNameError[39m: name 'sqrt' is not defined

